<?xml version="1.0" encoding="UTF-8"?>
<coverage generated="1639115755449" clover="3.2.0">
  <project timestamp="1639115755449" name="All files">
    <metrics statements="32" coveredstatements="30" conditionals="8" coveredconditionals="5" methods="7" coveredmethods="7" elements="47" coveredelements="42" complexity="0" loc="32" ncloc="32" packages="1" files="2" classes="2"/>
    <file name="class.js" path="C:\t\leitmotiv\osito\class.js">
      <metrics statements="25" coveredstatements="23" conditionals="8" coveredconditionals="5" methods="6" coveredmethods="6"/>
      <line num="1" count="1" type="stmt"/>
      <line num="5" count="2" type="stmt"/>
      <line num="6" count="2" type="stmt"/>
      <line num="7" count="2" type="stmt"/>
      <line num="8" count="2" type="stmt"/>
      <line num="9" count="2" type="stmt"/>
      <line num="13" count="2" type="stmt"/>
      <line num="15" count="2" type="cond" truecount="1" falsecount="1"/>
      <line num="16" count="0" type="stmt"/>
      <line num="19" count="2" type="cond" truecount="1" falsecount="1"/>
      <line num="20" count="2" type="stmt"/>
      <line num="22" count="2" type="stmt"/>
      <line num="23" count="2" type="stmt"/>
      <line num="24" count="4" type="cond" truecount="2" falsecount="0"/>
      <line num="25" count="4" type="stmt"/>
      <line num="29" count="2" type="stmt"/>
      <line num="33" count="2" type="stmt"/>
      <line num="34" count="2" type="stmt"/>
      <line num="35" count="2" type="stmt"/>
      <line num="36" count="2" type="cond" truecount="1" falsecount="1"/>
      <line num="37" count="2" type="stmt"/>
      <line num="38" count="40" type="stmt"/>
      <line num="41" count="0" type="stmt"/>
      <line num="46" count="2" type="stmt"/>
      <line num="52" count="1" type="stmt"/>
    </file>
    <file name="index.js" path="C:\t\leitmotiv\osito\index.js">
      <metrics statements="7" coveredstatements="7" conditionals="0" coveredconditionals="0" methods="1" coveredmethods="1"/>
      <line num="1" count="1" type="stmt"/>
      <line num="3" count="1" type="stmt"/>
      <line num="18" count="1" type="stmt"/>
      <line num="19" count="1" type="stmt"/>
      <line num="20" count="1" type="stmt"/>
      <line num="22" count="1" type="stmt"/>
      <line num="25" count="1" type="stmt"/>
    </file>
  </project>
</coverage>
