{"C:\\t\\leitmotiv\\osito\\class.js": {"path":"C:\\t\\leitmotiv\\osito\\class.js","statementMap":{"0":{"start":{"line":1,"column":14},"end":{"line":1,"column":30}},"1":{"start":{"line":5,"column":4},"end":{"line":5,"column":19}},"2":{"start":{"line":6,"column":4},"end":{"line":6,"column":25}},"3":{"start":{"line":7,"column":4},"end":{"line":7,"column":25}},"4":{"start":{"line":8,"column":4},"end":{"line":8,"column":35}},"5":{"start":{"line":9,"column":4},"end":{"line":9,"column":27}},"6":{"start":{"line":13,"column":14},"end":{"line":13,"column":22}},"7":{"start":{"line":15,"column":4},"end":{"line":17,"column":5}},"8":{"start":{"line":16,"column":6},"end":{"line":16,"column":41}},"9":{"start":{"line":19,"column":4},"end":{"line":27,"column":5}},"10":{"start":{"line":20,"column":6},"end":{"line":20,"column":17}},"11":{"start":{"line":22,"column":21},"end":{"line":22,"column":48}},"12":{"start":{"line":23,"column":6},"end":{"line":26,"column":14}},"13":{"start":{"line":24,"column":22},"end":{"line":24,"column":59}},"14":{"start":{"line":25,"column":8},"end":{"line":25,"column":47}},"15":{"start":{"line":29,"column":4},"end":{"line":29,"column":19}},"16":{"start":{"line":33,"column":4},"end":{"line":33,"column":21}},"17":{"start":{"line":34,"column":4},"end":{"line":42,"column":5}},"18":{"start":{"line":35,"column":23},"end":{"line":35,"column":49}},"19":{"start":{"line":36,"column":6},"end":{"line":36,"column":28}},"20":{"start":{"line":36,"column":17},"end":{"line":36,"column":28}},"21":{"start":{"line":37,"column":6},"end":{"line":39,"column":9}},"22":{"start":{"line":38,"column":8},"end":{"line":38,"column":40}},"23":{"start":{"line":41,"column":6},"end":{"line":41,"column":34}},"24":{"start":{"line":46,"column":4},"end":{"line":48,"column":7}},"25":{"start":{"line":52,"column":0},"end":{"line":52,"column":31}}},"fnMap":{"0":{"name":"(anonymous_0)","decl":{"start":{"line":4,"column":2},"end":{"line":4,"column":3}},"loc":{"start":{"line":4,"column":61},"end":{"line":10,"column":3}},"line":4},"1":{"name":"(anonymous_1)","decl":{"start":{"line":12,"column":2},"end":{"line":12,"column":3}},"loc":{"start":{"line":12,"column":14},"end":{"line":30,"column":3}},"line":12},"2":{"name":"(anonymous_2)","decl":{"start":{"line":23,"column":26},"end":{"line":23,"column":27}},"loc":{"start":{"line":23,"column":56},"end":{"line":26,"column":7}},"line":23},"3":{"name":"(anonymous_3)","decl":{"start":{"line":32,"column":2},"end":{"line":32,"column":3}},"loc":{"start":{"line":32,"column":23},"end":{"line":43,"column":3}},"line":32},"4":{"name":"(anonymous_4)","decl":{"start":{"line":37,"column":30},"end":{"line":37,"column":31}},"loc":{"start":{"line":37,"column":52},"end":{"line":39,"column":7}},"line":37},"5":{"name":"(anonymous_5)","decl":{"start":{"line":45,"column":2},"end":{"line":45,"column":3}},"loc":{"start":{"line":45,"column":24},"end":{"line":49,"column":3}},"line":45}},"branchMap":{"0":{"loc":{"start":{"line":15,"column":4},"end":{"line":17,"column":5}},"type":"if","locations":[{"start":{"line":15,"column":4},"end":{"line":17,"column":5}},{"start":{},"end":{}}],"line":15},"1":{"loc":{"start":{"line":19,"column":4},"end":{"line":27,"column":5}},"type":"if","locations":[{"start":{"line":19,"column":4},"end":{"line":27,"column":5}},{"start":{},"end":{}}],"line":19},"2":{"loc":{"start":{"line":24,"column":22},"end":{"line":24,"column":59}},"type":"cond-expr","locations":[{"start":{"line":24,"column":51},"end":{"line":24,"column":53}},{"start":{"line":24,"column":56},"end":{"line":24,"column":59}}],"line":24},"3":{"loc":{"start":{"line":36,"column":6},"end":{"line":36,"column":28}},"type":"if","locations":[{"start":{"line":36,"column":6},"end":{"line":36,"column":28}},{"start":{},"end":{}}],"line":36}},"s":{"0":1,"1":2,"2":2,"3":2,"4":2,"5":2,"6":2,"7":2,"8":0,"9":2,"10":2,"11":2,"12":2,"13":4,"14":4,"15":2,"16":2,"17":2,"18":2,"19":2,"20":0,"21":2,"22":40,"23":0,"24":2,"25":1},"f":{"0":2,"1":2,"2":4,"3":2,"4":40,"5":2},"b":{"0":[0,2],"1":[2,0],"2":[2,2],"3":[0,2]},"_coverageSchema":"1a1c01bbd47fc00a2c39e90264f33305004495a9","hash":"aa24275661fe554cc749fadfa989dcc5b07e8247"}
,"C:\\t\\leitmotiv\\osito\\index.js": {"path":"C:\\t\\leitmotiv\\osito\\index.js","statementMap":{"0":{"start":{"line":1,"column":22},"end":{"line":1,"column":43}},"1":{"start":{"line":3,"column":15},"end":{"line":16,"column":1}},"2":{"start":{"line":18,"column":0},"end":{"line":23,"column":5}},"3":{"start":{"line":19,"column":21},"end":{"line":19,"column":46}},"4":{"start":{"line":20,"column":20},"end":{"line":20,"column":51}},"5":{"start":{"line":22,"column":2},"end":{"line":22,"column":52}},"6":{"start":{"line":25,"column":0},"end":{"line":25,"column":24}}},"fnMap":{"0":{"name":"(anonymous_0)","decl":{"start":{"line":18,"column":1},"end":{"line":18,"column":2}},"loc":{"start":{"line":18,"column":13},"end":{"line":23,"column":1}},"line":18}},"branchMap":{},"s":{"0":1,"1":1,"2":1,"3":1,"4":1,"5":1,"6":1},"f":{"0":1},"b":{},"_coverageSchema":"1a1c01bbd47fc00a2c39e90264f33305004495a9","hash":"6103be77bff200c9929559c559337717e4190836"}
}
