TN:
SF:class.js
FN:4,(anonymous_0)
FN:12,(anonymous_1)
FN:23,(anonymous_2)
FN:32,(anonymous_3)
FN:37,(anonymous_4)
FN:45,(anonymous_5)
FNF:6
FNH:6
FNDA:2,(anonymous_0)
FNDA:2,(anonymous_1)
FNDA:4,(anonymous_2)
FNDA:2,(anonymous_3)
FNDA:40,(anonymous_4)
FNDA:2,(anonymous_5)
DA:1,1
DA:5,2
DA:6,2
DA:7,2
DA:8,2
DA:9,2
DA:13,2
DA:15,2
DA:16,0
DA:19,2
DA:20,2
DA:22,2
DA:23,2
DA:24,4
DA:25,4
DA:29,2
DA:33,2
DA:34,2
DA:35,2
DA:36,2
DA:37,2
DA:38,40
DA:41,0
DA:46,2
DA:52,1
LF:25
LH:23
BRDA:15,0,0,0
BRDA:15,0,1,2
BRDA:19,1,0,2
BRDA:19,1,1,0
BRDA:24,2,0,2
BRDA:24,2,1,2
BRDA:36,3,0,0
BRDA:36,3,1,2
BRF:8
BRH:5
end_of_record
TN:
SF:index.js
FN:18,(anonymous_0)
FNF:1
FNH:1
FNDA:1,(anonymous_0)
DA:1,1
DA:3,1
DA:18,1
DA:19,1
DA:20,1
DA:22,1
DA:25,1
LF:7
LH:7
BRF:0
BRH:0
end_of_record
